<?xml version="1.0" encoding="UTF-8"?>
<!-- Generated by org.testng.reporters.JUnitXMLReporter -->
<testsuite hostname="DESKTOP-MQ96ESR" ignored="0" name="chromeTest" tests="8" failures="0" timestamp="21 Nov 2022 05:17:50 GMT" time="0.101" errors="0">
  <testcase name="test1" time="0.017" classname="org.hcl.A"/>
  <testcase name="test2" time="0.002" classname="org.hcl.A"/>
  <testcase name="test3" time="0.007" classname="org.hcl.A"/>
  <testcase name="test4" time="0.002" classname="org.hcl.A"/>
  <testcase name="test11" time="0.002" classname="org.hcl.B"/>
  <testcase name="test21" time="0.001" classname="org.hcl.B"/>
  <testcase name="test31" time="0.003" classname="org.hcl.B"/>
  <testcase name="test41" time="0.003" classname="org.hcl.B"/>
</testsuite> <!-- chromeTest -->
