<?xml version="1.0" encoding="UTF-8"?>
<!-- Generated by org.testng.reporters.JUnitXMLReporter -->
<testsuite hostname="DESKTOP-MQ96ESR" ignored="0" name="Test" tests="10" failures="2" timestamp="30 Jan 2023 04:44:47 GMT" time="0.12" errors="0">
  <testcase name="test1" time="0.025" classname="org.hcl.A"/>
  <testcase name="test2" time="0.0" classname="org.hcl.A"/>
  <testcase name="test3" time="0.008" classname="org.hcl.A">
    <skipped/>
  </testcase> <!-- test3 -->
  <testcase name="test3" time="0.005" classname="org.hcl.A">
    <skipped/>
  </testcase> <!-- test3 -->
  <testcase name="test3" time="0.005" classname="org.hcl.A">
    <skipped/>
  </testcase> <!-- test3 -->
  <testcase name="test3" time="0.0" classname="org.hcl.A">
    <failure type="java.lang.AssertionError" message="expected [true] but found [false]">
      <![CDATA[java.lang.AssertionError: expected [true] but found [false]
at org.hcl.A.test3(A.java:20)
... Removed 29 stack frames]]>
    </failure>
  </testcase> <!-- test3 -->
  <testcase name="test4" time="0.0" classname="org.hcl.A">
    <skipped/>
  </testcase> <!-- test4 -->
  <testcase name="test4" time="0.0" classname="org.hcl.A">
    <skipped/>
  </testcase> <!-- test4 -->
  <testcase name="test4" time="0.005" classname="org.hcl.A">
    <skipped/>
  </testcase> <!-- test4 -->
  <testcase name="test4" time="0.0" classname="org.hcl.A">
    <failure type="java.lang.AssertionError" message="expected [true] but found [false]">
      <![CDATA[java.lang.AssertionError: expected [true] but found [false]
at org.hcl.A.test4(A.java:25)
... Removed 29 stack frames]]>
    </failure>
  </testcase> <!-- test4 -->
</testsuite> <!-- Test -->
